Philosopher 1 is thinking.
Philosopher 2 is thinking.
Philosopher 3 is thinking.
Philosopher 0 is thinking.
Philosopher 4 is thinking.
Philosopher 3 is hungry.
Philosopher 0 is hungry.
Philosopher 0 picked up the left chopstick.
Philosopher 3 picked up the left chopstick.
Philosopher 3 picked up the right chopstick.
Philosopher 3 is starting to eat.
Philosopher 1 is hungry.
Philosopher 2 is hungry.
Philosopher 1 picked up the left chopstick.
Philosopher 3 is done eating.
Philosopher 3 released up the left chopstick.
Philosopher 3 released up the right chopstick.
Philosopher 3 is thinking.
Philosopher 2 picked up the left chopstick.
Philosopher 4 is hungry.
Philosopher 4 picked up the left chopstick.
Philosopher 3 is hungry.
Philosopher 3 picked up the left chopstick.
